# JRE version: Java(TM) SE Runtime Environment (16.0+36) (build 16+36-2231)
# Java VM: Java HotSpot(TM) 64-Bit Server VM (16+36-2231, mixed mode, sharing, tiered, compressed oops, g1 gc, windows-amd64)
GC Precious Log:
 CPUs: 16 total, 16 available
 Memory: 31975M
 Large Page Support: Disabled
 NUMA Support: Disabled
 Compressed Oops: Enabled (Zero based)
 Heap Region Size: 4M
 Heap Min Capacity: 8M
 Heap Initial Capacity: 500M
 Heap Max Capacity: 7996M
 Pre-touch: Disabled
 Parallel Workers: 13
 Concurrent Workers: 3
 Concurrent Refinement Workers: 13
 Periodic GC: Disabled
Heap:
 garbage-first heap   total 512000K, used 134227K [0x000000060c400000, 0x0000000800000000)
  region size 4096K, 11 young (45056K), 6 survivors (24576K)
 Metaspace       used 19154K, committed 19392K, reserved 1073152K
  class space    used 2110K, committed 2240K, reserved 1048576K
GC Heap History (10 events):
Event: 0.640 GC heap before
{Heap before GC invocations=0 (full 0):
 garbage-first heap   total 512000K, used 24576K [0x000000060c400000, 0x0000000800000000)
  region size 4096K, 6 young (24576K), 0 survivors (0K)
 Metaspace       used 9815K, committed 10112K, reserved 1064960K
  class space    used 997K, committed 1152K, reserved 1048576K
}
Event: 0.644 GC heap after
{Heap after GC invocations=1 (full 0):
 garbage-first heap   total 512000K, used 3406K [0x000000060c400000, 0x0000000800000000)
  region size 4096K, 1 young (4096K), 1 survivors (4096K)
 Metaspace       used 9815K, committed 10112K, reserved 1064960K
  class space    used 997K, committed 1152K, reserved 1048576K
}
Event: 0.759 GC heap before
{Heap before GC invocations=1 (full 0):
 garbage-first heap   total 512000K, used 81230K [0x000000060c400000, 0x0000000800000000)
  region size 4096K, 9 young (36864K), 1 survivors (4096K)
 Metaspace       used 11642K, committed 11840K, reserved 1064960K
  class space    used 1197K, committed 1280K, reserved 1048576K
}
Event: 0.764 GC heap after
{Heap after GC invocations=2 (full 0):
 garbage-first heap   total 512000K, used 66508K [0x000000060c400000, 0x0000000800000000)
  region size 4096K, 1 young (4096K), 1 survivors (4096K)
 Metaspace       used 11642K, committed 11840K, reserved 1064960K
  class space    used 1197K, committed 1280K, reserved 1048576K
}
Event: 0.911 GC heap before
{Heap before GC invocations=2 (full 0):
 garbage-first heap   total 512000K, used 173004K [0x000000060c400000, 0x0000000800000000)
  region size 4096K, 26 young (106496K), 1 survivors (4096K)
 Metaspace       used 11808K, committed 11968K, reserved 1064960K
  class space    used 1210K, committed 1280K, reserved 1048576K
}
Event: 0.912 GC heap after
{Heap after GC invocations=3 (full 0):
 garbage-first heap   total 512000K, used 73213K [0x000000060c400000, 0x0000000800000000)
  region size 4096K, 1 young (4096K), 1 survivors (4096K)
 Metaspace       used 11808K, committed 11968K, reserved 1064960K
  class space    used 1210K, committed 1280K, reserved 1048576K
}
Event: 1.451 GC heap before
{Heap before GC invocations=3 (full 0):
 garbage-first heap   total 512000K, used 396797K [0x000000060c400000, 0x0000000800000000)
  region size 4096K, 75 young (307200K), 1 survivors (4096K)
 Metaspace       used 13446K, committed 13696K, reserved 1064960K
  class space    used 1417K, committed 1536K, reserved 1048576K
}
Event: 1.454 GC heap after
{Heap after GC invocations=4 (full 0):
 garbage-first heap   total 512000K, used 112987K [0x000000060c400000, 0x0000000800000000)
  region size 4096K, 5 young (20480K), 5 survivors (20480K)
 Metaspace       used 13446K, committed 13696K, reserved 1064960K
  class space    used 1417K, committed 1536K, reserved 1048576K
}
Event: 5.048 GC heap before
{Heap before GC invocations=4 (full 0):
 garbage-first heap   total 512000K, used 403803K [0x000000060c400000, 0x0000000800000000)
  region size 4096K, 75 young (307200K), 5 survivors (20480K)
 Metaspace       used 18851K, committed 19136K, reserved 1073152K
  class space    used 2096K, committed 2240K, reserved 1048576K
}
Event: 5.051 GC heap after
{Heap after GC invocations=5 (full 0):
 garbage-first heap   total 512000K, used 121939K [0x000000060c400000, 0x0000000800000000)
  region size 4096K, 6 young (24576K), 6 survivors (24576K)
 Metaspace       used 18851K, committed 19136K, reserved 1073152K
  class space    used 2096K, committed 2240K, reserved 1048576K
}

